Experiment 'pythonPromptNewToolsExt' is active
Experiment 'pythonSurveyNotificationcf' is active
> conda info --json
> C:\Users\rezaprakosta\AppData\Local\Programs\Python\Python311\python.exe -c "import sys;print(sys.executable)"
[ERROR 2023-3-8 1:9:15.271]: [Error: Command failed: C:\Users\rezaprakosta\AppData\Local\Programs\Python\Python311\python.exe -c "import sys;print(sys.executable)"
/bin/sh: 1: C:UsersrezaprakostaAppDataLocalProgramsPythonPython311python.exe: not found

	at ChildProcess.exithandler (node:child_process:399:12)
	at ChildProcess.emit (node:events:526:28)
	at maybeClose (node:internal/child_process:1092:16)
	at Socket.<anonymous> (node:internal/child_process:451:11)
	at Socket.emit (node:events:526:28)
	at Pipe.<anonymous> (node:net:687:12)] {
  killed: false,
  code: 127,
  signal: null,
  cmd: 'C:\\Users\\rezaprakosta\\AppData\\Local\\Programs\\Python\\Python311\\python.exe -c "import sys;print(sys.executable)"'
}
> /bin/python3 -I ./.vscode-server/extensions/ms-python.python-2023.6.0/pythonFiles/get_output_via_markers.py ./.vscode-server/extensions/ms-python.python-2023.6.0/pythonFiles/interpreterInfo.py
> /usr/bin/python3 -I ./.vscode-server/extensions/ms-python.python-2023.6.0/pythonFiles/get_output_via_markers.py ./.vscode-server/extensions/ms-python.python-2023.6.0/pythonFiles/interpreterInfo.py
Python interpreter path: /bin/python3
Starting Pylance language server.
DAP Server launched with command: /bin/python3 /home/mikosta/.vscode-server/extensions/ms-python.python-2023.6.0/pythonFiles/lib/python/debugpy/adapter
Send text to terminal:  /usr/bin/env /bin/python3 /home/mikosta/.vscode-server/extensions/ms-python.python-2023.6.0/pythonFiles/lib/python/debugpy/adapter/../../debugpy/launcher 37121 -- /home/mikosta/\#\ Program\ Pembayaran\ Sederhana.py 
DAP Server launched with command: /bin/python3 /home/mikosta/.vscode-server/extensions/ms-python.python-2023.6.0/pythonFiles/lib/python/debugpy/adapter
Send text to terminal:  /usr/bin/env /bin/python3 /home/mikosta/.vscode-server/extensions/ms-python.python-2023.6.0/pythonFiles/lib/python/debugpy/adapter/../../debugpy/launcher 44961 -- /home/mikosta/\#\ Program\ Pembayaran\ Sederhana.py 
