2023-04-08 01:05:17.282 [info] Extension host with pid 259 started
2023-04-08 01:05:17.315 [info] Lock '/home/mikosta/.vscode-server/data/User/workspaceStorage/b0a9d8285efcd71fefb0f740afb142f5/vscode.lock': Lock acquired.
2023-04-08 01:05:17.334 [info] ExtensionService#_doActivateExtension vscode.emmet, startup: false, activationEvent: 'onLanguage'
2023-04-08 01:05:17.419 [info] ExtensionService#_doActivateExtension vscode.git-base, startup: true, activationEvent: '*'
2023-04-08 01:05:17.438 [info] ExtensionService#_doActivateExtension vscode.github, startup: true, activationEvent: '*'
2023-04-08 01:05:17.455 [info] Eager extensions activated
2023-04-08 01:05:17.455 [info] ExtensionService#_doActivateExtension vscode.debug-auto-launch, startup: false, activationEvent: 'onStartupFinished'
2023-04-08 01:05:17.456 [info] ExtensionService#_doActivateExtension vscode.merge-conflict, startup: false, activationEvent: 'onStartupFinished'
2023-04-08 01:05:20.177 [info] ExtensionService#_doActivateExtension vscode.git, startup: false, activationEvent: 'api', root cause: vscode.github
2023-04-08 01:05:20.805 [warning] [Decorations] CAPPING events from decorations provider vscode.git 1798
2023-04-08 01:05:21.423 [warning] [Decorations] CAPPING events from decorations provider vscode.git 1798
2023-04-08 01:05:24.554 [warning] [Decorations] CAPPING events from decorations provider vscode.git 1798
2023-04-08 01:05:29.652 [warning] [Decorations] CAPPING events from decorations provider vscode.git 1798
2023-04-08 01:05:34.735 [warning] [Decorations] CAPPING events from decorations provider vscode.git 1798
2023-04-08 01:05:52.734 [warning] [Decorations] CAPPING events from decorations provider vscode.git 1798
2023-04-08 01:05:57.824 [warning] [Decorations] CAPPING events from decorations provider vscode.git 1798
2023-04-08 01:06:07.389 [warning] [Decorations] CAPPING events from decorations provider vscode.git 1798
2023-04-08 01:06:08.641 [info] ExtensionService#_doActivateExtension vscode.npm, startup: false, activationEvent: 'onTerminalQuickFixRequest:ms-vscode.npm-command'
2023-04-08 01:06:12.499 [warning] [Decorations] CAPPING events from decorations provider vscode.git 1798
2023-04-08 01:06:17.607 [warning] [Decorations] CAPPING events from decorations provider vscode.git 1798
2023-04-08 01:06:26.166 [warning] [Decorations] CAPPING events from decorations provider vscode.git 1798
2023-04-08 01:06:34.630 [warning] [Decorations] CAPPING events from decorations provider vscode.git 1798
2023-04-08 01:06:39.708 [warning] [Decorations] CAPPING events from decorations provider vscode.git 1798
2023-04-08 01:06:46.125 [warning] [Decorations] CAPPING events from decorations provider vscode.git 1798
2023-04-08 01:07:02.201 [warning] [Decorations] CAPPING events from decorations provider vscode.git 1798
2023-04-08 01:07:07.316 [warning] [Decorations] CAPPING events from decorations provider vscode.git 1798
2023-04-08 01:07:16.181 [warning] [Decorations] CAPPING events from decorations provider vscode.git 1798
2023-04-08 01:07:21.259 [warning] [Decorations] CAPPING events from decorations provider vscode.git 1798
2023-04-08 01:07:26.356 [warning] [Decorations] CAPPING events from decorations provider vscode.git 1798
2023-04-08 01:07:31.435 [warning] [Decorations] CAPPING events from decorations provider vscode.git 1798
2023-04-08 01:07:36.551 [warning] [Decorations] CAPPING events from decorations provider vscode.git 1798
2023-04-08 01:07:41.641 [warning] [Decorations] CAPPING events from decorations provider vscode.git 1798
2023-04-08 01:07:53.545 [warning] [Decorations] CAPPING events from decorations provider vscode.git 1798
2023-04-08 01:07:58.622 [warning] [Decorations] CAPPING events from decorations provider vscode.git 1798
2023-04-08 01:08:04.937 [warning] [Decorations] CAPPING events from decorations provider vscode.git 1798
2023-04-08 01:08:10.085 [warning] [Decorations] CAPPING events from decorations provider vscode.git 1798
2023-04-08 01:08:16.158 [info] ExtensionService#_doActivateExtension vscode.debug-server-ready, startup: false, activationEvent: 'onDebugResolve'
2023-04-08 01:08:16.313 [warning] [Decorations] CAPPING events from decorations provider vscode.git 1801
2023-04-08 01:08:21.415 [warning] [Decorations] CAPPING events from decorations provider vscode.git 1801
2023-04-08 01:09:13.139 [info] ExtensionService#_doActivateExtension ms-toolsai.jupyter, startup: false, activationEvent: 'onLanguage:python'
2023-04-08 01:09:13.139 [info] ExtensionService#_doActivateExtension ms-python.python, startup: false, activationEvent: 'onLanguage:python'
2023-04-08 01:09:14.449 [info] ExtensionService#_doActivateExtension ms-toolsai.jupyter-renderers, startup: false, activationEvent: 'api', root cause: ms-toolsai.jupyter
2023-04-08 01:09:14.732 [info] ExtensionService#_doActivateExtension ms-python.vscode-pylance, startup: false, activationEvent: 'onLanguage:python'
2023-04-08 01:09:20.374 [warning] [Decorations] CAPPING events from decorations provider vscode.git 10002
