2023-04-08 22:41:52.337 [info] Log level: Info
2023-04-08 22:41:52.337 [info] Validating found git in: "git"
2023-04-08 22:41:52.337 [info] Using git "2.34.1" from "git"
2023-04-08 22:41:52.337 [info] > git rev-parse --show-toplevel [70ms]
2023-04-08 22:41:52.356 [info] > git rev-parse --git-dir --git-common-dir [67ms]
2023-04-08 22:41:52.368 [info] Open repository: /home/mikosta
2023-04-08 22:41:52.399 [info] > git rev-parse --show-toplevel [19ms]
2023-04-08 22:41:52.424 [info] > git rev-parse --show-toplevel [13ms]
2023-04-08 22:41:52.434 [info] > git config --get commit.template [41ms]
2023-04-08 22:41:52.442 [info] > git rev-parse --show-toplevel [9ms]
2023-04-08 22:41:52.471 [info] > git rev-parse --show-toplevel [15ms]
2023-04-08 22:41:52.486 [info] > git rev-parse --show-toplevel [6ms]
2023-04-08 22:41:52.494 [info] > git for-each-ref --format=%(refname)%00%(upstream:short)%00%(objectname)%00%(upstream:track)%00%(upstream:remotename)%00%(upstream:remoteref) refs/heads/main refs/remotes/main [26ms]
2023-04-08 22:41:52.516 [info] > git rev-parse --show-toplevel [22ms]
2023-04-08 22:41:52.535 [info] > git rev-parse --git-dir --git-common-dir [8ms]
2023-04-08 22:41:52.551 [info] Open repository: /home/mikosta/Tugas-Kelompok-1-
2023-04-08 22:41:52.603 [info] > git rev-parse --show-toplevel [35ms]
2023-04-08 22:41:52.619 [info] > git rev-parse --git-dir --git-common-dir [7ms]
2023-04-08 22:41:52.623 [info] Open repository: /home/mikosta/daa
2023-04-08 22:41:52.628 [info] > git config --get commit.template [27ms]
2023-04-08 22:41:52.656 [info] > git config --get commit.template [16ms]
2023-04-08 22:41:52.660 [info] > git for-each-ref --format=%(refname)%00%(upstream:short)%00%(objectname)%00%(upstream:track)%00%(upstream:remotename)%00%(upstream:remoteref) refs/heads/main refs/remotes/main [7ms]
2023-04-08 22:41:52.703 [info] > git status -z -uall [32ms]
2023-04-08 22:41:52.704 [info] > git for-each-ref --format=%(refname)%00%(upstream:short)%00%(objectname)%00%(upstream:track)%00%(upstream:remotename)%00%(upstream:remoteref) refs/heads/main refs/remotes/main [20ms]
2023-04-08 22:41:52.734 [info] > git status -z -uall [18ms]
2023-04-08 22:41:52.757 [info] > git config --get commit.template [24ms]
2023-04-08 22:41:52.758 [info] > git config --get commit.template [2ms]
2023-04-08 22:41:52.803 [info] > git for-each-ref --format=%(refname)%00%(upstream:short)%00%(objectname)%00%(upstream:track)%00%(upstream:remotename)%00%(upstream:remoteref) refs/heads/main refs/remotes/main [16ms]
2023-04-08 22:41:52.818 [info] > git status -z -uall [4ms]
2023-04-08 22:41:52.820 [info] > git for-each-ref --format=%(refname)%00%(upstream:short)%00%(objectname)%00%(upstream:track)%00%(upstream:remotename)%00%(upstream:remoteref) refs/heads/main refs/remotes/main [20ms]
2023-04-08 22:41:52.833 [info] > git status -z -uall [6ms]
2023-04-08 22:41:52.887 [info] > git status -z -uall [381ms] (cancelled)
2023-04-08 22:41:53.233 [info] > git check-ignore -v -z --stdin [52ms]
2023-04-08 22:41:53.235 [info] > git check-ignore -v -z --stdin [42ms]
2023-04-08 22:41:53.236 [info] > git check-ignore -v -z --stdin [32ms]
2023-04-08 22:41:53.337 [info] > git show --textconv :# Program Pembayaran Sederhana.py [78ms]
2023-04-08 22:41:53.338 [info] > git ls-files --stage -- /home/mikosta/# Program Pembayaran Sederhana.py [62ms]
2023-04-08 22:41:53.354 [info] > git cat-file -s 8446551709fb6b9af83f853e9fec4ea5aaab40e0 [3ms]
2023-04-08 22:49:16.897 [info] > git show --textconv :class Item:.py [24ms]
2023-04-08 22:49:16.898 [info] > git ls-files --stage -- /home/mikosta/Tugas-Kelompok-1-/class Item:.py [5ms]
2023-04-08 22:49:17.248 [info] > git check-ignore -v -z --stdin [3ms]
2023-04-08 22:49:17.764 [info] > git config --get commit.template [2ms]
2023-04-08 22:49:17.775 [info] > git for-each-ref --format=%(refname)%00%(upstream:short)%00%(objectname)%00%(upstream:track)%00%(upstream:remotename)%00%(upstream:remoteref) refs/heads/main refs/remotes/main [2ms]
2023-04-08 22:49:17.793 [info] > git status -z -uall [1ms]
2023-04-08 22:50:22.887 [info] > git ls-files --stage -- /home/mikosta/Tugas-Kelompok-1-/class Item:.py [2ms]
2023-04-08 22:50:22.889 [info] > git ls-files --stage -- /home/mikosta/# Program Pembayaran Sederhana.py [14ms]
2023-04-08 22:50:22.901 [info] > git cat-file -s 8446551709fb6b9af83f853e9fec4ea5aaab40e0 [1ms]
2023-04-08 22:50:22.941 [info] > git show --textconv :class Item:.py [22ms]
2023-04-08 22:50:22.944 [info] > git show --textconv :# Program Pembayaran Sederhana.py [4ms]
