2023-04-08 03:36:43.484 [info] Log level: Info
2023-04-08 03:36:43.484 [info] Validating found git in: "git"
2023-04-08 03:36:43.484 [info] Using git "" from "git"
2023-04-08 03:36:43.484 [info] > git rev-parse --show-toplevel [43ms]
2023-04-08 03:36:43.496 [info] > git rev-parse --git-dir --git-common-dir [5ms]
2023-04-08 03:36:43.504 [info] Open repository: /home/mikosta
2023-04-08 03:36:43.525 [info] > git rev-parse --show-toplevel [12ms]
2023-04-08 03:36:43.541 [info] > git rev-parse --show-toplevel [9ms]
2023-04-08 03:36:43.550 [info] > git config --get commit.template [26ms]
2023-04-08 03:36:43.585 [info] > git rev-parse --show-toplevel [36ms]
2023-04-08 03:36:43.610 [info] > git rev-parse --show-toplevel [17ms]
2023-04-08 03:36:43.620 [info] > git rev-parse --git-dir --git-common-dir [4ms]
2023-04-08 03:36:43.624 [info] Open repository: /home/mikosta/Tugas-Kelompok-1-
2023-04-08 03:36:43.631 [info] > git for-each-ref --format=%(refname)%00%(upstream:short)%00%(objectname)%00%(upstream:track)%00%(upstream:remotename)%00%(upstream:remoteref) refs/heads/main refs/remotes/main [27ms]
2023-04-08 03:36:43.662 [info] > git rev-parse --show-toplevel [30ms]
2023-04-08 03:36:43.687 [info] > git rev-parse --git-dir --git-common-dir [18ms]
2023-04-08 03:36:43.691 [info] Open repository: /home/mikosta/daa
2023-04-08 03:36:43.695 [info] > git config --get commit.template [41ms]
2023-04-08 03:36:43.724 [info] > git config --get commit.template [15ms]
2023-04-08 03:36:43.728 [info] > git for-each-ref --format=%(refname)%00%(upstream:short)%00%(objectname)%00%(upstream:track)%00%(upstream:remotename)%00%(upstream:remoteref) refs/heads/main refs/remotes/main [6ms]
2023-04-08 03:36:43.759 [info] > git status -z -uall [21ms]
2023-04-08 03:36:43.759 [info] > git for-each-ref --format=%(refname)%00%(upstream:short)%00%(objectname)%00%(upstream:track)%00%(upstream:remotename)%00%(upstream:remoteref) refs/heads/main refs/remotes/main [8ms]
2023-04-08 03:36:43.794 [info] > git status -z -uall [25ms]
2023-04-08 03:36:43.813 [info] > git config --get commit.template [21ms]
2023-04-08 03:36:43.815 [info] > git config --get commit.template [5ms]
2023-04-08 03:36:43.844 [info] > git status -z -uall [203ms] (cancelled)
2023-04-08 03:36:43.844 [info] > git for-each-ref --format=%(refname)%00%(upstream:short)%00%(objectname)%00%(upstream:track)%00%(upstream:remotename)%00%(upstream:remoteref) refs/heads/main refs/remotes/main [20ms]
2023-04-08 03:36:43.862 [info] > git status -z -uall [9ms]
2023-04-08 03:36:43.864 [info] > git for-each-ref --format=%(refname)%00%(upstream:short)%00%(objectname)%00%(upstream:track)%00%(upstream:remotename)%00%(upstream:remoteref) refs/heads/main refs/remotes/main [24ms]
2023-04-08 03:36:43.874 [info] > git status -z -uall [2ms]
2023-04-08 03:36:44.351 [info] > git check-ignore -v -z --stdin [69ms]
2023-04-08 03:36:44.353 [info] > git check-ignore -v -z --stdin [60ms]
2023-04-08 03:36:44.353 [info] > git check-ignore -v -z --stdin [54ms]
2023-04-08 03:36:44.354 [info] > git show --textconv :# Program Pembayaran Sederhana.py [37ms]
2023-04-08 03:36:44.354 [info] > git ls-files --stage -- /home/mikosta/# Program Pembayaran Sederhana.py [27ms]
2023-04-08 03:36:50.731 [info] > git config --get commit.template [718ms]
2023-04-08 03:36:50.770 [info] > git for-each-ref --format=%(refname)%00%(upstream:short)%00%(objectname)%00%(upstream:track)%00%(upstream:remotename)%00%(upstream:remoteref) refs/heads/main refs/remotes/main [4ms]
2023-04-08 03:36:50.991 [info] > git status -z -uall [200ms] (cancelled)
2023-04-08 03:37:02.772 [info] > git ls-files --stage -- /home/mikosta/.bash_history [1ms]
2023-04-08 03:37:02.787 [info] > git show --textconv :.bash_history [24ms]
2023-04-08 03:37:02.787 [info] > git cat-file -s 5a64078bca4e03e8f03012536a7620cad835ae03 [9ms]
2023-04-08 03:37:11.445 [info] > git show --textconv :.bash_logout [7ms]
2023-04-08 03:37:11.445 [info] > git ls-files --stage -- /home/mikosta/.bash_logout [1ms]
2023-04-08 03:37:11.452 [info] > git cat-file -s de4f5f75d7ccd3a5b62bd2ce683ed678a5cb72c2 [1ms]
2023-04-08 03:37:12.992 [info] > git show --textconv :.gitconfig [7ms]
2023-04-08 03:37:12.993 [info] > git ls-files --stage -- /home/mikosta/.gitconfig [1ms]
2023-04-08 03:37:13.000 [info] > git cat-file -s 562dadb1e85243ef29383149689330053dcceaf1 [2ms]
2023-04-08 03:37:15.467 [info] > git show --textconv :.profile [8ms]
2023-04-08 03:37:15.468 [info] > git ls-files --stage -- /home/mikosta/.profile [2ms]
2023-04-08 03:37:15.474 [info] > git cat-file -s d89ea5a6e83a2956d7461b547fa0d7d68103b9c9 [1ms]
2023-04-08 03:39:35.370 [info] > git show --textconv :README.md [26ms]
2023-04-08 03:39:35.370 [info] > git ls-files --stage -- /home/mikosta/README.md [19ms]
2023-04-08 03:39:35.378 [info] > git cat-file -s 14c3ac71482b4887e6ab8a424ab682d902267d40 [2ms]
2023-04-08 03:39:39.583 [info] > git check-ignore -v -z --stdin [4ms]
2023-04-08 03:39:48.855 [info] > git check-ignore -v -z --stdin [1ms]
2023-04-08 03:39:50.249 [info] > git show --textconv :.ssh/id_rsa.pub [12ms]
2023-04-08 03:39:50.251 [info] > git ls-files --stage -- /home/mikosta/.ssh/id_rsa.pub [7ms]
2023-04-08 03:39:50.259 [info] > git cat-file -s 16c37f1633601690672847515a42e713ecd1d1ce [0ms]
2023-04-08 03:39:51.424 [info] > git ls-files --stage -- /home/mikosta/.ssh/id_rsa [2ms]
2023-04-08 03:39:51.431 [info] > git show --textconv :.ssh/id_rsa [17ms]
2023-04-08 03:39:51.432 [info] > git cat-file -s 12da5e5b9f1d1d80b45f2af0ee68af9b9a526ecd [2ms]
2023-04-08 03:40:01.114 [info] > git check-ignore -v -z --stdin [3ms]
2023-04-08 03:40:09.701 [info] > git check-ignore -v -z --stdin [0ms]
2023-04-08 03:40:10.597 [info] > git show --textconv :.vscode-server/bin/b7886d7461186a5eac768481578c1d7ca80e2d21/extensions/css-language-features/client/dist/node/cssClientMain.js [9ms]
2023-04-08 03:40:10.597 [info] > git ls-files --stage -- /home/mikosta/.vscode-server/bin/b7886d7461186a5eac768481578c1d7ca80e2d21/extensions/css-language-features/client/dist/node/cssClientMain.js [3ms]
2023-04-08 03:40:10.695 [info] > git check-ignore -v -z --stdin [4ms]
2023-04-08 03:40:17.109 [info] > git check-ignore -v -z --stdin [1ms]
2023-04-08 03:40:18.426 [info] > git check-ignore -v -z --stdin [2ms]
2023-04-08 03:40:19.495 [info] > git show --textconv HEAD:.vscode-server/bin/b7886d7461186a5eac768481578c1d7ca80e2d21/extensions/git-base/languages/git-commit.language-configuration.json [10ms]
2023-04-08 03:40:19.495 [info] > git ls-tree -l HEAD -- /home/mikosta/.vscode-server/bin/b7886d7461186a5eac768481578c1d7ca80e2d21/extensions/git-base/languages/git-commit.language-configuration.json [3ms]
2023-04-08 03:40:20.004 [info] > git check-ignore -v -z --stdin [1ms]
2023-04-08 03:40:24.421 [info] > git check-ignore -v -z --stdin [1ms]
2023-04-08 03:40:26.246 [info] > git ls-tree -l HEAD -- /home/mikosta/.vscode-server/bin/b7886d7461186a5eac768481578c1d7ca80e2d21/extensions/php-language-features/icons/logo.png [13ms]
2023-04-08 03:40:26.250 [info] > git ls-tree -l HEAD -- /home/mikosta/.vscode-server/bin/b7886d7461186a5eac768481578c1d7ca80e2d21/extensions/php-language-features/icons/logo.png [6ms]
2023-04-08 03:40:26.666 [info] > git check-ignore -v -z --stdin [1ms]
2023-04-08 03:40:30.044 [info] > git check-ignore -v -z --stdin [1ms]
2023-04-08 03:40:30.945 [info] > git show --textconv HEAD:.vscode-server/bin/b7886d7461186a5eac768481578c1d7ca80e2d21/extensions/node_modules/typescript/lib/typescript.js [11ms]
2023-04-08 03:40:30.946 [info] > git ls-tree -l HEAD -- /home/mikosta/.vscode-server/bin/b7886d7461186a5eac768481578c1d7ca80e2d21/extensions/node_modules/typescript/lib/typescript.js [3ms]
2023-04-08 03:40:31.454 [info] > git check-ignore -v -z --stdin [1ms]
2023-04-08 03:46:41.125 [info] > git show --textconv HEAD:# Program Pembayaran Sederhana.py [11ms]
2023-04-08 03:46:41.125 [info] > git ls-tree -l HEAD -- /home/mikosta/# Program Pembayaran Sederhana.py [2ms]
2023-04-08 03:47:45.192 [info] > git ls-tree -l HEAD -- /home/mikosta/# Program Pembayaran Sederhana.py [1ms]
2023-04-08 03:47:49.548 [info] > git add -A -- /home/mikosta/# Program Pembayaran Sederhana.py [3ms]
2023-04-08 03:47:49.567 [info] > git config --get commit.template [2ms]
2023-04-08 03:47:49.578 [info] > git for-each-ref --format=%(refname)%00%(upstream:short)%00%(objectname)%00%(upstream:track)%00%(upstream:remotename)%00%(upstream:remoteref) refs/heads/main refs/remotes/main [0ms]
2023-04-08 03:47:50.996 [info] > git status -z -uall [1409ms] (cancelled)
2023-04-08 03:47:51.502 [info] > git check-ignore -v -z --stdin [1ms]
2023-04-08 03:47:51.753 [info] > git ls-files --stage -- /home/mikosta/# Program Pembayaran Sederhana.py [2ms]
2023-04-08 03:47:51.765 [info] > git ls-files --stage -- /home/mikosta/README.md [23ms]
2023-04-08 03:47:51.777 [info] > git ls-files --stage -- /home/mikosta/.profile [48ms]
2023-04-08 03:47:51.787 [info] > git ls-files --stage -- /home/mikosta/.gitconfig [70ms]
2023-04-08 03:47:51.798 [info] > git ls-files --stage -- /home/mikosta/.bash_history [94ms]
2023-04-08 03:47:51.808 [info] > git ls-files --stage -- /home/mikosta/# Program Pembayaran Sederhana.py [114ms]
2023-04-08 03:47:51.819 [info] > git cat-file -s 5a64078bca4e03e8f03012536a7620cad835ae03 [12ms]
2023-04-08 03:47:51.820 [info] > git cat-file -s 562dadb1e85243ef29383149689330053dcceaf1 [22ms]
2023-04-08 03:47:51.820 [info] > git cat-file -s d89ea5a6e83a2956d7461b547fa0d7d68103b9c9 [33ms]
2023-04-08 03:47:51.821 [info] > git cat-file -s 14c3ac71482b4887e6ab8a424ab682d902267d40 [44ms]
2023-04-08 03:47:51.821 [info] > git cat-file -s 8446551709fb6b9af83f853e9fec4ea5aaab40e0 [57ms]
2023-04-08 03:47:51.821 [info] > git cat-file -s 8446551709fb6b9af83f853e9fec4ea5aaab40e0 [4ms]
2023-04-08 03:47:51.892 [info] > git show --textconv :.bash_history [55ms]
2023-04-08 03:47:51.892 [info] > git show --textconv :.gitconfig [43ms]
2023-04-08 03:47:51.892 [info] > git show --textconv :.profile [33ms]
2023-04-08 03:47:51.892 [info] > git show --textconv :README.md [24ms]
2023-04-08 03:47:51.892 [info] > git show --textconv :# Program Pembayaran Sederhana.py [12ms]
2023-04-08 03:47:51.892 [info] > git show --textconv :# Program Pembayaran Sederhana.py [1ms]
2023-04-08 03:48:11.679 [info] > git show --textconv :.git/COMMIT_EDITMSG [10ms]
2023-04-08 03:48:11.681 [info] > git ls-files --stage -- /home/mikosta/.git/COMMIT_EDITMSG [3ms]
2023-04-08 03:48:11.993 [info] > git check-ignore -v -z --stdin [1ms]
2023-04-08 03:48:12.345 [info] > git ls-files --stage -- /home/mikosta/.git/COMMIT_EDITMSG [1ms]
2023-04-08 03:48:12.346 [info] > git ls-files --stage -- /home/mikosta/# Program Pembayaran Sederhana.py [11ms]
2023-04-08 03:48:12.357 [info] > git ls-files --stage -- /home/mikosta/README.md [31ms]
2023-04-08 03:48:12.369 [info] > git ls-files --stage -- /home/mikosta/.profile [53ms]
2023-04-08 03:48:12.380 [info] > git ls-files --stage -- /home/mikosta/.gitconfig [74ms]
2023-04-08 03:48:12.393 [info] > git ls-files --stage -- /home/mikosta/.bash_history [96ms]
2023-04-08 03:48:12.404 [info] > git ls-files --stage -- /home/mikosta/# Program Pembayaran Sederhana.py [120ms]
2023-04-08 03:48:12.420 [info] > git cat-file -s 8446551709fb6b9af83f853e9fec4ea5aaab40e0 [2ms]
2023-04-08 03:48:12.421 [info] > git cat-file -s 5a64078bca4e03e8f03012536a7620cad835ae03 [17ms]
2023-04-08 03:48:12.422 [info] > git cat-file -s 562dadb1e85243ef29383149689330053dcceaf1 [29ms]
2023-04-08 03:48:12.423 [info] > git cat-file -s d89ea5a6e83a2956d7461b547fa0d7d68103b9c9 [42ms]
2023-04-08 03:48:12.425 [info] > git cat-file -s 14c3ac71482b4887e6ab8a424ab682d902267d40 [56ms]
2023-04-08 03:48:12.426 [info] > git cat-file -s 8446551709fb6b9af83f853e9fec4ea5aaab40e0 [70ms]
2023-04-08 03:48:12.518 [info] > git show --textconv :.git/COMMIT_EDITMSG [80ms]
2023-04-08 03:48:12.518 [info] > git show --textconv :# Program Pembayaran Sederhana.py [64ms]
2023-04-08 03:48:12.518 [info] > git show --textconv :.bash_history [52ms]
2023-04-08 03:48:12.518 [info] > git show --textconv :.gitconfig [38ms]
2023-04-08 03:48:12.518 [info] > git show --textconv :.profile [25ms]
2023-04-08 03:48:12.518 [info] > git show --textconv :README.md [14ms]
2023-04-08 03:48:12.518 [info] > git show --textconv :# Program Pembayaran Sederhana.py [1ms]
2023-04-08 04:20:49.347 [info] > git check-ignore -v -z --stdin [14ms]
2023-04-08 04:21:56.452 [info] > git ls-files --stage -- /home/mikosta/.git/COMMIT_EDITMSG [1ms]
2023-04-08 04:21:56.454 [info] > git ls-files --stage -- /home/mikosta/# Program Pembayaran Sederhana.py [18ms]
2023-04-08 04:21:56.467 [info] > git ls-files --stage -- /home/mikosta/README.md [42ms]
2023-04-08 04:21:56.476 [info] > git ls-files --stage -- /home/mikosta/.profile [71ms]
2023-04-08 04:21:56.485 [info] > git ls-files --stage -- /home/mikosta/.gitconfig [92ms]
2023-04-08 04:21:56.496 [info] > git ls-files --stage -- /home/mikosta/.bash_history [121ms]
2023-04-08 04:21:56.505 [info] > git ls-files --stage -- /home/mikosta/# Program Pembayaran Sederhana.py [145ms]
2023-04-08 04:21:56.517 [info] > git cat-file -s 8446551709fb6b9af83f853e9fec4ea5aaab40e0 [2ms]
2023-04-08 04:21:56.518 [info] > git cat-file -s 5a64078bca4e03e8f03012536a7620cad835ae03 [13ms]
2023-04-08 04:21:56.519 [info] > git cat-file -s 562dadb1e85243ef29383149689330053dcceaf1 [23ms]
2023-04-08 04:21:56.521 [info] > git cat-file -s d89ea5a6e83a2956d7461b547fa0d7d68103b9c9 [37ms]
2023-04-08 04:21:56.521 [info] > git cat-file -s 14c3ac71482b4887e6ab8a424ab682d902267d40 [45ms]
2023-04-08 04:21:56.522 [info] > git cat-file -s 8446551709fb6b9af83f853e9fec4ea5aaab40e0 [55ms]
2023-04-08 04:21:56.591 [info] > git show --textconv :.git/COMMIT_EDITMSG [59ms]
2023-04-08 04:21:56.591 [info] > git show --textconv :# Program Pembayaran Sederhana.py [49ms]
2023-04-08 04:21:56.591 [info] > git show --textconv :.bash_history [40ms]
2023-04-08 04:21:56.591 [info] > git show --textconv :.gitconfig [32ms]
2023-04-08 04:21:56.592 [info] > git show --textconv :.profile [22ms]
2023-04-08 04:21:56.592 [info] > git show --textconv :README.md [14ms]
2023-04-08 04:21:56.592 [info] > git show --textconv :# Program Pembayaran Sederhana.py [1ms]
2023-04-08 04:25:51.984 [info] > git ls-files --stage -- /home/mikosta/.git/COMMIT_EDITMSG [2ms]
2023-04-08 04:25:51.985 [info] > git ls-files --stage -- /home/mikosta/# Program Pembayaran Sederhana.py [12ms]
2023-04-08 04:25:51.998 [info] > git ls-files --stage -- /home/mikosta/README.md [38ms]
2023-04-08 04:25:52.007 [info] > git ls-files --stage -- /home/mikosta/.profile [58ms]
2023-04-08 04:25:52.016 [info] > git ls-files --stage -- /home/mikosta/.gitconfig [76ms]
2023-04-08 04:25:52.038 [info] > git ls-files --stage -- /home/mikosta/.bash_history [108ms]
2023-04-08 04:25:52.048 [info] > git ls-files --stage -- /home/mikosta/# Program Pembayaran Sederhana.py [129ms]
2023-04-08 04:25:52.059 [info] > git cat-file -s 8446551709fb6b9af83f853e9fec4ea5aaab40e0 [2ms]
2023-04-08 04:25:52.060 [info] > git cat-file -s 5a64078bca4e03e8f03012536a7620cad835ae03 [13ms]
2023-04-08 04:25:52.060 [info] > git cat-file -s 562dadb1e85243ef29383149689330053dcceaf1 [23ms]
2023-04-08 04:25:52.061 [info] > git cat-file -s d89ea5a6e83a2956d7461b547fa0d7d68103b9c9 [45ms]
2023-04-08 04:25:52.062 [info] > git cat-file -s 14c3ac71482b4887e6ab8a424ab682d902267d40 [55ms]
2023-04-08 04:25:52.063 [info] > git cat-file -s 8446551709fb6b9af83f853e9fec4ea5aaab40e0 [66ms]
2023-04-08 04:25:52.129 [info] > git show --textconv :.git/COMMIT_EDITMSG [57ms]
2023-04-08 04:25:52.129 [info] > git show --textconv :# Program Pembayaran Sederhana.py [47ms]
2023-04-08 04:25:52.129 [info] > git show --textconv :.bash_history [38ms]
2023-04-08 04:25:52.129 [info] > git show --textconv :.gitconfig [29ms]
2023-04-08 04:25:52.129 [info] > git show --textconv :.profile [20ms]
2023-04-08 04:25:52.129 [info] > git show --textconv :README.md [10ms]
2023-04-08 04:25:52.130 [info] > git show --textconv :# Program Pembayaran Sederhana.py [1ms]
2023-04-08 04:27:09.737 [info] > git ls-files --stage -- /home/mikosta/.git/COMMIT_EDITMSG [3ms]
2023-04-08 04:27:09.738 [info] > git ls-files --stage -- /home/mikosta/# Program Pembayaran Sederhana.py [13ms]
2023-04-08 04:27:09.746 [info] > git ls-files --stage -- /home/mikosta/README.md [56ms]
2023-04-08 04:27:09.754 [info] > git ls-files --stage -- /home/mikosta/.profile [74ms]
2023-04-08 04:27:09.763 [info] > git ls-files --stage -- /home/mikosta/.gitconfig [92ms]
2023-04-08 04:27:09.772 [info] > git ls-files --stage -- /home/mikosta/.bash_history [112ms]
2023-04-08 04:27:09.782 [info] > git ls-files --stage -- /home/mikosta/# Program Pembayaran Sederhana.py [131ms]
2023-04-08 04:27:09.792 [info] > git cat-file -s 8446551709fb6b9af83f853e9fec4ea5aaab40e0 [1ms]
2023-04-08 04:27:09.793 [info] > git cat-file -s 5a64078bca4e03e8f03012536a7620cad835ae03 [11ms]
2023-04-08 04:27:09.794 [info] > git cat-file -s 562dadb1e85243ef29383149689330053dcceaf1 [22ms]
2023-04-08 04:27:09.795 [info] > git cat-file -s d89ea5a6e83a2956d7461b547fa0d7d68103b9c9 [33ms]
2023-04-08 04:27:09.796 [info] > git cat-file -s 14c3ac71482b4887e6ab8a424ab682d902267d40 [42ms]
2023-04-08 04:27:09.798 [info] > git cat-file -s 8446551709fb6b9af83f853e9fec4ea5aaab40e0 [53ms]
2023-04-08 04:27:09.865 [info] > git show --textconv :.git/COMMIT_EDITMSG [58ms]
2023-04-08 04:27:09.866 [info] > git show --textconv :# Program Pembayaran Sederhana.py [49ms]
2023-04-08 04:27:09.866 [info] > git show --textconv :.bash_history [39ms]
2023-04-08 04:27:09.866 [info] > git show --textconv :.gitconfig [30ms]
2023-04-08 04:27:09.866 [info] > git show --textconv :.profile [20ms]
2023-04-08 04:27:09.866 [info] > git show --textconv :README.md [11ms]
2023-04-08 04:27:09.866 [info] > git show --textconv :# Program Pembayaran Sederhana.py [1ms]
2023-04-08 04:34:52.339 [info] > git ls-files --stage -- /home/mikosta/# Program Pembayaran Sederhana.py [7ms]
2023-04-08 04:34:52.355 [info] > git cat-file -s 8446551709fb6b9af83f853e9fec4ea5aaab40e0 [3ms]
2023-04-08 04:35:00.828 [info] > git -c user.useConfigOnly=true commit --quiet [2810235ms]
2023-04-08 04:35:00.828 [info] Aborting commit due to empty commit message.
2023-04-08 04:35:00.840 [info] > git config --get commit.template [1ms]
2023-04-08 04:35:00.850 [info] > git for-each-ref --format=%(refname)%00%(upstream:short)%00%(objectname)%00%(upstream:track)%00%(upstream:remotename)%00%(upstream:remoteref) refs/heads/main refs/remotes/main [1ms]
2023-04-08 04:35:02.148 [info] > git status -z -uall [1288ms] (cancelled)
2023-04-08 04:35:21.471 [info] > git check-ignore -v -z --stdin [1ms]
2023-04-08 04:35:23.155 [info] > git show --textconv :mikosta [9ms]
2023-04-08 04:35:23.156 [info] > git ls-files --stage -- /home/mikosta/daa/mikosta [1ms]
2023-04-08 04:35:23.166 [info] > git cat-file -s 6dc5785138f9e5645d132294b5e2a3fa934b9a57 [2ms]
2023-04-08 04:35:30.853 [info] > git show --textconv :.bash_history [11ms]
2023-04-08 04:35:30.853 [info] > git ls-files --stage -- /home/mikosta/.bash_history [1ms]
2023-04-08 04:35:30.862 [info] > git cat-file -s 5a64078bca4e03e8f03012536a7620cad835ae03 [1ms]
2023-04-08 04:35:34.732 [info] > git show --textconv :.bash_logout [10ms]
2023-04-08 04:35:34.733 [info] > git ls-files --stage -- /home/mikosta/.bash_logout [2ms]
2023-04-08 04:35:34.743 [info] > git cat-file -s de4f5f75d7ccd3a5b62bd2ce683ed678a5cb72c2 [1ms]
2023-04-08 04:36:05.299 [info] > git check-ignore -v -z --stdin [1ms]
