Visual Studio Code (1.77.1, wsl, desktop)
Jupyter Extension Version: 2023.3.1000892223.
Python Extension Version: 2023.6.0.
Workspace folder /home/mikosta
User belongs to experiment group 'jupyterEnhancedDataViewer'
User belongs to experiment group 'jupyterTestcf'
info 22:41:51.368: LSP Notebooks experiment is enabled
warn 22:41:52.854: Failed to get activated env vars for /bin/python3 in 85ms
info 22:41:52.874: Process Execution: > /bin/python3 -c "import site;print("USER_BASE_VALUE");print(site.USER_BASE);print("USER_BASE_VALUE");"
> /bin/python3 -c "import site;print("USER_BASE_VALUE");print(site.USER_BASE);print("USER_BASE_VALUE");"
info 22:41:52.908: Process Execution: > /bin/python3 -m pip list
> /bin/python3 -m pip list
info 22:41:52.967: Process Execution: > /bin/python3 -c "import pip;print('6af208d0-cb9c-427f-b937-ff563e17efdf')"
> /bin/python3 -c "import pip;print('6af208d0-cb9c-427f-b937-ff563e17efdf')"
error 22:41:53.360: interpreterPackages getPackageInformation, Class name = Kd, completed in 592ms, has a falsy return value, Arg 1: {"interpreter":{"id":"/bin/python3","sysPrefix":"/usr","displayPath":{"$mid":1,"fsPath":"/bin/python3","path":"/bin/python3","scheme":"file"},"envName":"","uri":{"$mid":1,"fsPath":"/bin/python3","external":"file:///bin/python3","path":"/bin/python3","scheme":"file"},"displayName":"","envType":"Unknown","isCondaEnvWithoutPython":false,"version":{"major":3,"minor":10,"patch":6,"raw":"3.10.6 (main, Mar 10 2023, 10:55:28) [GCC 11.3.0]"}}} [su [Error]: Module 'pip' not installed.
	at au.execModule (/home/mikosta/.vscode-server/extensions/ms-toolsai.jupyter-2023.3.1000892223/out/extension.node.js:7:27794)
	at async Kd.getPackageInformation (/home/mikosta/.vscode-server/extensions/ms-toolsai.jupyter-2023.3.1000892223/out/extension.node.js:7:19123)] {
  category: 'notinstalled',
  moduleName: 'pip'
}
warn 22:48:35.387: Failed to get activated env vars for /bin/python3 in 134ms
info 22:48:35.430: Process Execution: > /bin/python3 -m pip list
> /bin/python3 -m pip list
info 22:48:35.522: Process Execution: > /bin/python3 -c "import pip;print('6af208d0-cb9c-427f-b937-ff563e17efdf')"
> /bin/python3 -c "import pip;print('6af208d0-cb9c-427f-b937-ff563e17efdf')"
error 22:48:35.984: interpreterPackages getPackageInformation, Class name = Kd, completed in 732ms, has a falsy return value, Arg 1: {"interpreter":{"id":"/bin/python3","sysPrefix":"/usr","displayPath":{"$mid":1,"fsPath":"/bin/python3","path":"/bin/python3","scheme":"file"},"envName":"","uri":{"$mid":1,"fsPath":"/bin/python3","external":"file:///bin/python3","path":"/bin/python3","scheme":"file"},"displayName":"","envType":"Unknown","isCondaEnvWithoutPython":false,"version":{"major":3,"minor":10,"patch":6,"raw":"3.10.6 (main, Mar 10 2023, 10:55:28) [GCC 11.3.0]"}}} [su [Error]: Module 'pip' not installed.
	at au.execModule (/home/mikosta/.vscode-server/extensions/ms-toolsai.jupyter-2023.3.1000892223/out/extension.node.js:7:27794)
	at async Kd.getPackageInformation (/home/mikosta/.vscode-server/extensions/ms-toolsai.jupyter-2023.3.1000892223/out/extension.node.js:7:19123)] {
  category: 'notinstalled',
  moduleName: 'pip'
}
info 22:49:55.029: Ending debug session 5bb726b6-4bf1-42dd-9456-94b0714c27ba
info 22:49:55.029: Ending debug session 5bb726b6-4bf1-42dd-9456-94b0714c27ba
info 22:49:58.282: Ending debug session 5bb726b6-4bf1-42dd-9456-94b0714c27ba
info 22:49:58.282: Ending debug session 5bb726b6-4bf1-42dd-9456-94b0714c27ba
info 23:07:22.463: Shutting down notebooks for b7e8bdd9-3c72-48ef-82c4-863de47aed09
info 23:07:22.465: Disposing HostJupyterExecution f12b5202-6e52-4f28-9f7a-ddc601c35544
info 23:07:22.474: Disposing HostJupyterExecution f12b5202-6e52-4f28-9f7a-ddc601c35544
