2023-04-08 17:06:03.667 [info] Log level: Info
2023-04-08 17:06:03.668 [info] Validating found git in: "git"
2023-04-08 17:06:03.668 [info] Using git "" from "git"
2023-04-08 17:06:03.668 [info] > git rev-parse --show-toplevel [40ms]
2023-04-08 17:06:03.668 [info] > git rev-parse --git-dir --git-common-dir [4ms]
2023-04-08 17:06:03.668 [info] Open repository: /home/mikosta
2023-04-08 17:06:03.668 [info] > git rev-parse --show-toplevel [110ms]
2023-04-08 17:06:03.668 [info] > git rev-parse --show-toplevel [14ms]
2023-04-08 17:06:03.668 [info] > git config --get commit.template [127ms]
2023-04-08 17:06:03.669 [info] > git rev-parse --show-toplevel [3ms]
2023-04-08 17:06:03.698 [info] > git rev-parse --show-toplevel [21ms]
2023-04-08 17:06:03.746 [info] > git rev-parse --show-toplevel [38ms]
2023-04-08 17:06:03.758 [info] > git rev-parse --show-toplevel [3ms]
2023-04-08 17:06:03.766 [info] > git for-each-ref --format=%(refname)%00%(upstream:short)%00%(objectname)%00%(upstream:track)%00%(upstream:remotename)%00%(upstream:remoteref) refs/heads/main refs/remotes/main [79ms]
2023-04-08 17:06:03.780 [info] > git rev-parse --git-dir --git-common-dir [13ms]
2023-04-08 17:06:03.783 [info] Open repository: /home/mikosta/Tugas-Kelompok-1-
2023-04-08 17:06:03.804 [info] > git rev-parse --show-toplevel [12ms]
2023-04-08 17:06:03.823 [info] > git rev-parse --git-dir --git-common-dir [11ms]
2023-04-08 17:06:03.826 [info] Open repository: /home/mikosta/daa
2023-04-08 17:06:03.832 [info] > git config --get commit.template [28ms]
2023-04-08 17:06:03.874 [info] > git config --get commit.template [30ms]
2023-04-08 17:06:03.877 [info] > git for-each-ref --format=%(refname)%00%(upstream:short)%00%(objectname)%00%(upstream:track)%00%(upstream:remotename)%00%(upstream:remoteref) refs/heads/main refs/remotes/main [17ms]
2023-04-08 17:06:03.896 [info] > git status -z -uall [11ms]
2023-04-08 17:06:03.914 [info] > git for-each-ref --format=%(refname)%00%(upstream:short)%00%(objectname)%00%(upstream:track)%00%(upstream:remotename)%00%(upstream:remoteref) refs/heads/main refs/remotes/main [19ms]
2023-04-08 17:06:03.924 [info] > git config --get commit.template [14ms]
2023-04-08 17:06:03.926 [info] > git status -z -uall [5ms]
2023-04-08 17:06:03.961 [info] > git config --get commit.template [2ms]
2023-04-08 17:06:03.961 [info] > git for-each-ref --format=%(refname)%00%(upstream:short)%00%(objectname)%00%(upstream:track)%00%(upstream:remotename)%00%(upstream:remoteref) refs/heads/main refs/remotes/main [11ms]
2023-04-08 17:06:03.977 [info] > git status -z -uall [8ms]
2023-04-08 17:06:03.981 [info] > git for-each-ref --format=%(refname)%00%(upstream:short)%00%(objectname)%00%(upstream:track)%00%(upstream:remotename)%00%(upstream:remoteref) refs/heads/main refs/remotes/main [4ms]
2023-04-08 17:06:03.992 [info] > git status -z -uall [3ms]
2023-04-08 17:06:04.023 [info] > git status -z -uall [249ms] (cancelled)
2023-04-08 17:06:04.451 [info] > git check-ignore -v -z --stdin [96ms]
2023-04-08 17:06:04.454 [info] > git show --textconv :# Program Pembayaran Sederhana.py [40ms]
2023-04-08 17:06:04.454 [info] > git check-ignore -v -z --stdin [84ms]
2023-04-08 17:06:04.455 [info] > git check-ignore -v -z --stdin [72ms]
2023-04-08 17:06:04.470 [info] > git ls-files --stage -- /home/mikosta/# Program Pembayaran Sederhana.py [46ms]
2023-04-08 17:06:04.484 [info] > git cat-file -s 8446551709fb6b9af83f853e9fec4ea5aaab40e0 [5ms]
2023-04-08 17:06:10.074 [info] > git config --get commit.template [31ms]
2023-04-08 17:06:10.108 [info] > git for-each-ref --format=%(refname)%00%(upstream:short)%00%(objectname)%00%(upstream:track)%00%(upstream:remotename)%00%(upstream:remoteref) refs/heads/main refs/remotes/main [7ms]
2023-04-08 17:06:12.071 [info] > git status -z -uall [1940ms] (cancelled)
2023-04-08 17:07:03.216 [info] > git ls-files --stage -- /home/mikosta/# Program Pembayaran Sederhana.py [1ms]
2023-04-08 17:07:03.228 [info] > git cat-file -s 8446551709fb6b9af83f853e9fec4ea5aaab40e0 [1ms]
2023-04-08 17:07:03.248 [info] > git show --textconv :# Program Pembayaran Sederhana.py [1ms]
2023-04-08 17:14:59.923 [info] > git check-ignore -v -z --stdin [5ms]
2023-04-08 17:15:02.737 [info] > git show --textconv HEAD:pert3/flowchart.md [12ms]
2023-04-08 17:15:02.741 [info] > git ls-tree -l HEAD -- /home/mikosta/daa/pert3/flowchart.md [4ms]
2023-04-08 17:15:03.248 [info] > git check-ignore -v -z --stdin [2ms]
2023-04-08 17:15:04.074 [info] > git check-ignore -v -z --stdin [2ms]
2023-04-08 17:15:12.672 [info] > git ls-tree -l HEAD -- /home/mikosta/daa/pert3/flowchart.md [6ms]
2023-04-08 17:15:14.852 [info] > git show --textconv :mikosta [16ms]
2023-04-08 17:15:14.854 [info] > git ls-files --stage -- /home/mikosta/daa/mikosta [4ms]
2023-04-08 17:15:14.870 [info] > git cat-file -s 6dc5785138f9e5645d132294b5e2a3fa934b9a57 [2ms]
2023-04-08 17:15:22.870 [info] > git show --textconv :mikosta [13ms]
2023-04-08 17:15:22.871 [info] > git ls-files --stage -- /home/mikosta/daa/mikosta [3ms]
2023-04-08 17:15:22.883 [info] > git cat-file -s 6dc5785138f9e5645d132294b5e2a3fa934b9a57 [2ms]
2023-04-08 17:15:34.682 [info] > git show --textconv :mikosta.pub [19ms]
2023-04-08 17:15:34.682 [info] > git ls-files --stage -- /home/mikosta/daa/mikosta.pub [3ms]
2023-04-08 17:15:34.697 [info] > git cat-file -s 24f24e8dcbc9ac3aa8ebd10ba973470f66dde8c9 [4ms]
2023-04-08 17:15:49.493 [info] > git ls-files --stage -- /home/mikosta/.bash_history [2ms]
2023-04-08 17:15:49.520 [info] > git show --textconv :.bash_history [40ms]
2023-04-08 17:15:49.520 [info] > git cat-file -s 5a64078bca4e03e8f03012536a7620cad835ae03 [18ms]
2023-04-08 17:17:04.969 [info] > git ls-files --stage -- /home/mikosta/.sudo_as_admin_successful [2ms]
2023-04-08 17:17:04.993 [info] > git show --textconv :.sudo_as_admin_successful [40ms]
2023-04-08 17:17:04.993 [info] > git cat-file -s e69de29bb2d1d6434b8b29ae775ad8c2e48c5391 [12ms]
2023-04-08 17:17:06.312 [info] > git show --textconv :.wget-hsts [15ms]
2023-04-08 17:17:06.312 [info] > git ls-files --stage -- /home/mikosta/.wget-hsts [3ms]
2023-04-08 17:17:09.491 [info] > git show --textconv :# Program Pembayaran Sederhana.py [20ms]
2023-04-08 17:17:09.491 [info] > git ls-files --stage -- /home/mikosta/# Program Pembayaran Sederhana.py [5ms]
2023-04-08 17:17:09.510 [info] > git cat-file -s 8446551709fb6b9af83f853e9fec4ea5aaab40e0 [7ms]
