2023-04-08 01:05:20.578 [info] Log level: Info
2023-04-08 01:05:20.578 [info] Validating found git in: "git"
2023-04-08 01:05:20.578 [info] Using git "2.34.1" from "git"
2023-04-08 01:05:20.578 [info] > git rev-parse --show-toplevel [16ms]
2023-04-08 01:05:20.578 [info] > git rev-parse --git-dir --git-common-dir [13ms]
2023-04-08 01:05:20.578 [info] Open repository: /home/mikosta
2023-04-08 01:05:20.578 [info] > git rev-parse --show-toplevel [16ms]
2023-04-08 01:05:20.579 [info] > git rev-parse --show-toplevel [7ms]
2023-04-08 01:05:20.587 [info] > git config --get commit.template [22ms]
2023-04-08 01:05:20.589 [info] > git rev-parse --show-toplevel [4ms]
2023-04-08 01:05:20.610 [info] > git rev-parse --git-dir --git-common-dir [12ms]
2023-04-08 01:05:20.618 [info] Open repository: /home/mikosta/Tugas-Kelompok-1-
2023-04-08 01:05:20.653 [info] > git rev-parse --show-toplevel [27ms]
2023-04-08 01:05:20.662 [info] > git for-each-ref --format=%(refname)%00%(upstream:short)%00%(objectname)%00%(upstream:track)%00%(upstream:remotename)%00%(upstream:remoteref) refs/heads/main refs/remotes/main [54ms]
2023-04-08 01:05:20.677 [info] > git rev-parse --git-dir --git-common-dir [16ms]
2023-04-08 01:05:20.686 [info] Open repository: /home/mikosta/daa
2023-04-08 01:05:20.694 [info] > git config --get commit.template [41ms]
2023-04-08 01:05:20.728 [info] > git config --get commit.template [23ms]
2023-04-08 01:05:20.732 [info] > git status -z -uall [60ms]
2023-04-08 01:05:20.732 [info] > git for-each-ref --format=%(refname)%00%(upstream:short)%00%(objectname)%00%(upstream:track)%00%(upstream:remotename)%00%(upstream:remoteref) refs/heads/main refs/remotes/main [6ms]
2023-04-08 01:05:20.749 [info] > git status -z -uall [10ms]
2023-04-08 01:05:20.838 [info] > git for-each-ref --format=%(refname)%00%(upstream:short)%00%(objectname)%00%(upstream:track)%00%(upstream:remotename)%00%(upstream:remoteref) refs/heads/main refs/remotes/main [91ms]
2023-04-08 01:05:20.849 [info] > git status -z -uall [2ms]
2023-04-08 01:05:20.850 [info] > git config --get commit.template [13ms]
2023-04-08 01:05:20.851 [info] > git config --get commit.template [22ms]
2023-04-08 01:05:21.302 [info] > git config --get commit.template [394ms]
2023-04-08 01:05:21.302 [info] > git for-each-ref --format=%(refname)%00%(upstream:short)%00%(objectname)%00%(upstream:track)%00%(upstream:remotename)%00%(upstream:remoteref) refs/heads/main refs/remotes/main [403ms]
2023-04-08 01:05:21.308 [info] > git for-each-ref --format=%(refname)%00%(upstream:short)%00%(objectname)%00%(upstream:track)%00%(upstream:remotename)%00%(upstream:remoteref) refs/heads/main refs/remotes/main [440ms]
2023-04-08 01:05:21.345 [info] > git status -z -uall [38ms]
2023-04-08 01:05:21.345 [info] > git status -z -uall [30ms]
2023-04-08 01:05:21.345 [info] > git check-ignore -v -z --stdin [21ms]
2023-04-08 01:05:21.353 [info] > git check-ignore -v -z --stdin [23ms]
2023-04-08 01:05:21.358 [info] > git check-ignore -v -z --stdin [19ms]
2023-04-08 01:05:21.437 [info] > git for-each-ref --format=%(refname)%00%(upstream:short)%00%(objectname)%00%(upstream:track)%00%(upstream:remotename)%00%(upstream:remoteref) refs/heads/main refs/remotes/main [65ms]
2023-04-08 01:05:21.447 [info] > git status -z -uall [3ms]
2023-04-08 01:05:24.502 [info] > git config --get commit.template [11ms]
2023-04-08 01:05:24.503 [info] > git for-each-ref --format=%(refname)%00%(upstream:short)%00%(objectname)%00%(upstream:track)%00%(upstream:remotename)%00%(upstream:remoteref) refs/heads/main refs/remotes/main [2ms]
2023-04-08 01:05:24.531 [info] > git status -z -uall [20ms]
2023-04-08 01:05:29.593 [info] > git config --get commit.template [12ms]
2023-04-08 01:05:29.594 [info] > git for-each-ref --format=%(refname)%00%(upstream:short)%00%(objectname)%00%(upstream:track)%00%(upstream:remotename)%00%(upstream:remoteref) refs/heads/main refs/remotes/main [3ms]
2023-04-08 01:05:29.628 [info] > git status -z -uall [25ms]
2023-04-08 01:05:34.672 [info] > git config --get commit.template [1ms]
2023-04-08 01:05:34.687 [info] > git for-each-ref --format=%(refname)%00%(upstream:short)%00%(objectname)%00%(upstream:track)%00%(upstream:remotename)%00%(upstream:remoteref) refs/heads/main refs/remotes/main [2ms]
2023-04-08 01:05:34.713 [info] > git status -z -uall [18ms]
2023-04-08 01:05:52.651 [info] > git config --get commit.template [3ms]
2023-04-08 01:05:52.666 [info] > git for-each-ref --format=%(refname)%00%(upstream:short)%00%(objectname)%00%(upstream:track)%00%(upstream:remotename)%00%(upstream:remoteref) refs/heads/main refs/remotes/main [2ms]
2023-04-08 01:05:52.699 [info] > git status -z -uall [23ms]
2023-04-08 01:05:57.765 [info] > git config --get commit.template [11ms]
2023-04-08 01:05:57.766 [info] > git for-each-ref --format=%(refname)%00%(upstream:short)%00%(objectname)%00%(upstream:track)%00%(upstream:remotename)%00%(upstream:remoteref) refs/heads/main refs/remotes/main [2ms]
2023-04-08 01:05:57.801 [info] > git status -z -uall [25ms]
2023-04-08 01:06:07.297 [info] > git config --get commit.template [22ms]
2023-04-08 01:06:07.299 [info] > git for-each-ref --format=%(refname)%00%(upstream:short)%00%(objectname)%00%(upstream:track)%00%(upstream:remotename)%00%(upstream:remoteref) refs/heads/main refs/remotes/main [7ms]
2023-04-08 01:06:07.371 [info] > git status -z -uall [58ms]
2023-04-08 01:06:09.744 [info] > git config --get commit.template [1ms]
2023-04-08 01:06:09.754 [info] > git for-each-ref --format=%(refname)%00%(upstream:short)%00%(objectname)%00%(upstream:track)%00%(upstream:remotename)%00%(upstream:remoteref) refs/heads/main refs/remotes/main [2ms]
2023-04-08 01:06:09.765 [info] > git status -z -uall [2ms]
2023-04-08 01:06:12.410 [info] > git config --get commit.template [2ms]
2023-04-08 01:06:12.422 [info] > git for-each-ref --format=%(refname)%00%(upstream:short)%00%(objectname)%00%(upstream:track)%00%(upstream:remotename)%00%(upstream:remoteref) refs/heads/main refs/remotes/main [2ms]
2023-04-08 01:06:12.476 [info] > git status -z -uall [19ms]
2023-04-08 01:06:17.522 [info] > git config --get commit.template [2ms]
2023-04-08 01:06:17.537 [info] > git for-each-ref --format=%(refname)%00%(upstream:short)%00%(objectname)%00%(upstream:track)%00%(upstream:remotename)%00%(upstream:remoteref) refs/heads/main refs/remotes/main [2ms]
2023-04-08 01:06:17.584 [info] > git status -z -uall [37ms]
2023-04-08 01:06:26.060 [info] > git config --get commit.template [3ms]
2023-04-08 01:06:26.076 [info] > git for-each-ref --format=%(refname)%00%(upstream:short)%00%(objectname)%00%(upstream:track)%00%(upstream:remotename)%00%(upstream:remoteref) refs/heads/main refs/remotes/main [4ms]
2023-04-08 01:06:26.117 [info] > git status -z -uall [30ms]
2023-04-08 01:06:34.544 [info] > git config --get commit.template [4ms]
2023-04-08 01:06:34.563 [info] > git for-each-ref --format=%(refname)%00%(upstream:short)%00%(objectname)%00%(upstream:track)%00%(upstream:remotename)%00%(upstream:remoteref) refs/heads/main refs/remotes/main [2ms]
2023-04-08 01:06:34.593 [info] > git status -z -uall [21ms]
2023-04-08 01:06:39.653 [info] > git config --get commit.template [2ms]
2023-04-08 01:06:39.662 [info] > git for-each-ref --format=%(refname)%00%(upstream:short)%00%(objectname)%00%(upstream:track)%00%(upstream:remotename)%00%(upstream:remoteref) refs/heads/main refs/remotes/main [2ms]
2023-04-08 01:06:39.687 [info] > git status -z -uall [16ms]
2023-04-08 01:06:46.060 [info] > git config --get commit.template [3ms]
2023-04-08 01:06:46.074 [info] > git for-each-ref --format=%(refname)%00%(upstream:short)%00%(objectname)%00%(upstream:track)%00%(upstream:remotename)%00%(upstream:remoteref) refs/heads/main refs/remotes/main [3ms]
2023-04-08 01:06:46.104 [info] > git status -z -uall [19ms]
2023-04-08 01:07:02.123 [info] > git config --get commit.template [3ms]
2023-04-08 01:07:02.151 [info] > git for-each-ref --format=%(refname)%00%(upstream:short)%00%(objectname)%00%(upstream:track)%00%(upstream:remotename)%00%(upstream:remoteref) refs/heads/main refs/remotes/main [8ms]
2023-04-08 01:07:02.182 [info] > git status -z -uall [20ms]
2023-04-08 01:07:07.221 [info] > git config --get commit.template [3ms]
2023-04-08 01:07:07.231 [info] > git for-each-ref --format=%(refname)%00%(upstream:short)%00%(objectname)%00%(upstream:track)%00%(upstream:remotename)%00%(upstream:remoteref) refs/heads/main refs/remotes/main [2ms]
2023-04-08 01:07:07.293 [info] > git status -z -uall [55ms]
2023-04-08 01:07:16.094 [info] > git config --get commit.template [5ms]
2023-04-08 01:07:16.110 [info] > git for-each-ref --format=%(refname)%00%(upstream:short)%00%(objectname)%00%(upstream:track)%00%(upstream:remotename)%00%(upstream:remoteref) refs/heads/main refs/remotes/main [2ms]
2023-04-08 01:07:16.143 [info] > git status -z -uall [23ms]
2023-04-08 01:07:21.200 [info] > git config --get commit.template [2ms]
2023-04-08 01:07:21.209 [info] > git for-each-ref --format=%(refname)%00%(upstream:short)%00%(objectname)%00%(upstream:track)%00%(upstream:remotename)%00%(upstream:remoteref) refs/heads/main refs/remotes/main [1ms]
2023-04-08 01:07:21.238 [info] > git status -z -uall [21ms]
2023-04-08 01:07:26.288 [info] > git config --get commit.template [10ms]
2023-04-08 01:07:26.289 [info] > git for-each-ref --format=%(refname)%00%(upstream:short)%00%(objectname)%00%(upstream:track)%00%(upstream:remotename)%00%(upstream:remoteref) refs/heads/main refs/remotes/main [1ms]
2023-04-08 01:07:26.322 [info] > git status -z -uall [22ms]
2023-04-08 01:07:31.378 [info] > git config --get commit.template [2ms]
2023-04-08 01:07:31.389 [info] > git for-each-ref --format=%(refname)%00%(upstream:short)%00%(objectname)%00%(upstream:track)%00%(upstream:remotename)%00%(upstream:remoteref) refs/heads/main refs/remotes/main [2ms]
2023-04-08 01:07:31.416 [info] > git status -z -uall [19ms]
2023-04-08 01:07:36.458 [info] > git config --get commit.template [2ms]
2023-04-08 01:07:36.475 [info] > git for-each-ref --format=%(refname)%00%(upstream:short)%00%(objectname)%00%(upstream:track)%00%(upstream:remotename)%00%(upstream:remoteref) refs/heads/main refs/remotes/main [2ms]
2023-04-08 01:07:36.512 [info] > git status -z -uall [25ms]
2023-04-08 01:07:41.574 [info] > git config --get commit.template [2ms]
2023-04-08 01:07:41.584 [info] > git for-each-ref --format=%(refname)%00%(upstream:short)%00%(objectname)%00%(upstream:track)%00%(upstream:remotename)%00%(upstream:remoteref) refs/heads/main refs/remotes/main [2ms]
2023-04-08 01:07:41.610 [info] > git status -z -uall [19ms]
2023-04-08 01:07:53.440 [info] > git config --get commit.template [4ms]
2023-04-08 01:07:53.455 [info] > git for-each-ref --format=%(refname)%00%(upstream:short)%00%(objectname)%00%(upstream:track)%00%(upstream:remotename)%00%(upstream:remoteref) refs/heads/main refs/remotes/main [4ms]
2023-04-08 01:07:53.511 [info] > git status -z -uall [41ms]
2023-04-08 01:07:58.565 [info] > git config --get commit.template [1ms]
2023-04-08 01:07:58.574 [info] > git for-each-ref --format=%(refname)%00%(upstream:short)%00%(objectname)%00%(upstream:track)%00%(upstream:remotename)%00%(upstream:remoteref) refs/heads/main refs/remotes/main [1ms]
2023-04-08 01:07:58.598 [info] > git status -z -uall [17ms]
2023-04-08 01:08:04.878 [info] > git config --get commit.template [25ms]
2023-04-08 01:08:04.880 [info] > git for-each-ref --format=%(refname)%00%(upstream:short)%00%(objectname)%00%(upstream:track)%00%(upstream:remotename)%00%(upstream:remoteref) refs/heads/main refs/remotes/main [5ms]
2023-04-08 01:08:04.912 [info] > git status -z -uall [20ms]
2023-04-08 01:08:09.968 [info] > git config --get commit.template [12ms]
2023-04-08 01:08:10.035 [info] > git for-each-ref --format=%(refname)%00%(upstream:short)%00%(objectname)%00%(upstream:track)%00%(upstream:remotename)%00%(upstream:remoteref) refs/heads/main refs/remotes/main [16ms]
2023-04-08 01:08:10.065 [info] > git status -z -uall [20ms]
2023-04-08 01:08:13.710 [info] > git show --textconv :# Program Pembayaran Sederhana.py [14ms]
2023-04-08 01:08:13.716 [info] > git ls-files --stage -- /home/mikosta/# Program Pembayaran Sederhana.py [7ms]
2023-04-08 01:08:13.740 [info] > git check-ignore -v -z --stdin [2ms]
2023-04-08 01:08:16.221 [info] > git config --get commit.template [19ms]
2023-04-08 01:08:16.226 [info] > git for-each-ref --format=%(refname)%00%(upstream:short)%00%(objectname)%00%(upstream:track)%00%(upstream:remotename)%00%(upstream:remoteref) refs/heads/main refs/remotes/main [7ms]
2023-04-08 01:08:16.279 [info] > git status -z -uall [39ms]
2023-04-08 01:08:21.342 [info] > git config --get commit.template [2ms]
2023-04-08 01:08:21.359 [info] > git for-each-ref --format=%(refname)%00%(upstream:short)%00%(objectname)%00%(upstream:track)%00%(upstream:remotename)%00%(upstream:remoteref) refs/heads/main refs/remotes/main [3ms]
2023-04-08 01:08:21.393 [info] > git status -z -uall [21ms]
2023-04-08 01:09:14.557 [info] > git config --get commit.template [646ms]
2023-04-08 01:09:14.607 [info] > git for-each-ref --format=%(refname)%00%(upstream:short)%00%(objectname)%00%(upstream:track)%00%(upstream:remotename)%00%(upstream:remoteref) refs/heads/main refs/remotes/main [6ms]
2023-04-08 01:09:15.227 [info] > git status -z -uall [610ms] (cancelled)
