Visual Studio Code (1.77.1, wsl, desktop)
Jupyter Extension Version: 2023.3.1000892223.
Python Extension Version: 2023.6.0.
Workspace folder /home/mikosta
User belongs to experiment group 'jupyterEnhancedDataViewer'
User belongs to experiment group 'jupyterTestcf'
info 23:21:58.194: LSP Notebooks experiment is enabled
warn 23:21:59.367: Failed to get activated env vars for /bin/python3 in 59ms
info 23:21:59.384: Process Execution: > /bin/python3 -c "import site;print("USER_BASE_VALUE");print(site.USER_BASE);print("USER_BASE_VALUE");"
> /bin/python3 -c "import site;print("USER_BASE_VALUE");print(site.USER_BASE);print("USER_BASE_VALUE");"
info 23:21:59.424: Process Execution: > /bin/python3 -m pip list
> /bin/python3 -m pip list
info 23:21:59.475: Process Execution: > /bin/python3 -c "import pip;print('6af208d0-cb9c-427f-b937-ff563e17efdf')"
> /bin/python3 -c "import pip;print('6af208d0-cb9c-427f-b937-ff563e17efdf')"
error 23:21:59.860: interpreterPackages getPackageInformation, Class name = Kd, completed in 552ms, has a falsy return value, Arg 1: {"interpreter":{"id":"/bin/python3","sysPrefix":"/usr","displayPath":{"$mid":1,"fsPath":"/bin/python3","path":"/bin/python3","scheme":"file"},"envName":"","uri":{"$mid":1,"fsPath":"/bin/python3","external":"file:///bin/python3","path":"/bin/python3","scheme":"file"},"displayName":"","envType":"Unknown","isCondaEnvWithoutPython":false,"version":{"major":3,"minor":10,"patch":6,"raw":"3.10.6 (main, Mar 10 2023, 10:55:28) [GCC 11.3.0]"}}} [su [Error]: Module 'pip' not installed.
	at au.execModule (/home/mikosta/.vscode-server/extensions/ms-toolsai.jupyter-2023.3.1000892223/out/extension.node.js:7:27794)
	at async Kd.getPackageInformation (/home/mikosta/.vscode-server/extensions/ms-toolsai.jupyter-2023.3.1000892223/out/extension.node.js:7:19123)] {
  category: 'notinstalled',
  moduleName: 'pip'
}
info 04:52:20.799: Shutting down notebooks for 01133bd0-598a-410d-901e-72747d51afaa
info 04:52:20.800: Disposing HostJupyterExecution c3016dc7-f0f4-49ab-b1a3-645423d3b851
info 04:52:20.810: Disposing HostJupyterExecution c3016dc7-f0f4-49ab-b1a3-645423d3b851
