2023-04-08 04:36:45.440 [info] Log level: Info
2023-04-08 04:36:45.440 [info] Validating found git in: "git"
2023-04-08 04:36:45.440 [info] Using git "2.34.1" from "git"
2023-04-08 04:36:45.440 [info] > git rev-parse --show-toplevel [67ms]
2023-04-08 04:36:45.440 [info] > git rev-parse --git-dir --git-common-dir [30ms]
2023-04-08 04:36:45.440 [info] Open repository: /home/mikosta
2023-04-08 04:36:45.519 [info] > git rev-parse --show-toplevel [82ms]
2023-04-08 04:36:45.542 [info] > git rev-parse --show-toplevel [15ms]
2023-04-08 04:36:45.551 [info] > git config --get commit.template [101ms]
2023-04-08 04:36:45.555 [info] > git rev-parse --show-toplevel [5ms]
2023-04-08 04:36:45.580 [info] > git rev-parse --show-toplevel [15ms]
2023-04-08 04:36:45.597 [info] > git for-each-ref --format=%(refname)%00%(upstream:short)%00%(objectname)%00%(upstream:track)%00%(upstream:remotename)%00%(upstream:remoteref) refs/heads/main refs/remotes/main [21ms]
2023-04-08 04:36:45.623 [info] > git rev-parse --show-toplevel [33ms]
2023-04-08 04:36:45.637 [info] > git rev-parse --git-dir --git-common-dir [4ms]
2023-04-08 04:36:45.644 [info] Open repository: /home/mikosta/Tugas-Kelompok-1-
2023-04-08 04:36:45.669 [info] > git rev-parse --show-toplevel [15ms]
2023-04-08 04:36:45.687 [info] > git config --get commit.template [18ms]
2023-04-08 04:36:45.689 [info] > git rev-parse --git-dir --git-common-dir [8ms]
2023-04-08 04:36:45.696 [info] Open repository: /home/mikosta/daa
2023-04-08 04:36:45.745 [info] > git config --get commit.template [20ms]
2023-04-08 04:36:45.746 [info] > git for-each-ref --format=%(refname)%00%(upstream:short)%00%(objectname)%00%(upstream:track)%00%(upstream:remotename)%00%(upstream:remoteref) refs/heads/main refs/remotes/main [33ms]
2023-04-08 04:36:45.774 [info] > git status -z -uall [15ms]
2023-04-08 04:36:45.797 [info] > git for-each-ref --format=%(refname)%00%(upstream:short)%00%(objectname)%00%(upstream:track)%00%(upstream:remotename)%00%(upstream:remoteref) refs/heads/main refs/remotes/main [24ms]
2023-04-08 04:36:45.810 [info] > git status -z -uall [3ms]
2023-04-08 04:36:45.818 [info] > git config --get commit.template [23ms]
2023-04-08 04:36:45.853 [info] > git config --get commit.template [13ms]
2023-04-08 04:36:45.862 [info] > git for-each-ref --format=%(refname)%00%(upstream:short)%00%(objectname)%00%(upstream:track)%00%(upstream:remotename)%00%(upstream:remoteref) refs/heads/main refs/remotes/main [12ms]
2023-04-08 04:36:45.873 [info] > git status -z -uall [3ms]
2023-04-08 04:36:45.873 [info] > git for-each-ref --format=%(refname)%00%(upstream:short)%00%(objectname)%00%(upstream:track)%00%(upstream:remotename)%00%(upstream:remoteref) refs/heads/main refs/remotes/main [12ms]
2023-04-08 04:36:45.890 [info] > git status -z -uall [8ms]
2023-04-08 04:36:45.917 [info] > git status -z -uall [311ms] (cancelled)
2023-04-08 04:36:46.344 [info] > git show --textconv :# Program Pembayaran Sederhana.py [101ms]
2023-04-08 04:36:46.344 [info] > git check-ignore -v -z --stdin [71ms]
2023-04-08 04:36:46.347 [info] > git check-ignore -v -z --stdin [61ms]
2023-04-08 04:36:46.347 [info] > git check-ignore -v -z --stdin [52ms]
2023-04-08 04:36:46.348 [info] > git ls-files --stage -- /home/mikosta/# Program Pembayaran Sederhana.py [90ms]
2023-04-08 04:36:46.363 [info] > git cat-file -s 8446551709fb6b9af83f853e9fec4ea5aaab40e0 [8ms]
2023-04-08 04:36:53.441 [info] > git config --get commit.template [41ms]
2023-04-08 04:36:53.480 [info] > git for-each-ref --format=%(refname)%00%(upstream:short)%00%(objectname)%00%(upstream:track)%00%(upstream:remotename)%00%(upstream:remoteref) refs/heads/main refs/remotes/main [8ms]
2023-04-08 04:36:55.613 [info] > git status -z -uall [2103ms] (cancelled)
2023-04-08 04:37:24.328 [info] > git check-ignore -v -z --stdin [3ms]
2023-04-08 04:37:30.747 [info] > git show --textconv HEAD:pert3/flowchart.md [242ms]
2023-04-08 04:37:30.749 [info] > git ls-tree -l HEAD -- /home/mikosta/daa/pert3/flowchart.md [229ms]
2023-04-08 04:37:31.036 [info] > git check-ignore -v -z --stdin [2ms]
2023-04-08 04:38:29.537 [info] > git ls-files --stage -- /home/mikosta/# Program Pembayaran Sederhana.py [12ms]
2023-04-08 04:38:29.550 [info] > git ls-tree -l HEAD -- /home/mikosta/daa/pert3/flowchart.md [13ms]
2023-04-08 04:38:29.551 [info] > git cat-file -s 8446551709fb6b9af83f853e9fec4ea5aaab40e0 [3ms]
2023-04-08 04:38:29.581 [info] > git show --textconv HEAD:pert3/flowchart.md [13ms]
2023-04-08 04:38:29.581 [info] > git show --textconv :# Program Pembayaran Sederhana.py [2ms]
2023-04-08 04:38:30.530 [info] > git config --get commit.template [1ms]
2023-04-08 04:38:30.546 [info] > git for-each-ref --format=%(refname)%00%(upstream:short)%00%(objectname)%00%(upstream:track)%00%(upstream:remotename)%00%(upstream:remoteref) refs/heads/main refs/remotes/main [2ms]
2023-04-08 04:38:30.560 [info] > git status -z -uall [1ms]
