Visual Studio Code (1.77.1, wsl, desktop)
Jupyter Extension Version: 2023.3.1000892223.
Python Extension Version: 2023.6.0.
Workspace folder /home/mikosta
User belongs to experiment group 'jupyterEnhancedDataViewer'
User belongs to experiment group 'jupyterTestcf'
info 04:36:44.498: LSP Notebooks experiment is enabled
warn 04:36:45.594: Failed to get activated env vars for /bin/python3 in 425ms
info 04:36:45.621: Process Execution: > /bin/python3 -c "import site;print("USER_BASE_VALUE");print(site.USER_BASE);print("USER_BASE_VALUE");"
> /bin/python3 -c "import site;print("USER_BASE_VALUE");print(site.USER_BASE);print("USER_BASE_VALUE");"
info 04:36:45.737: Process Execution: > /bin/python3 -m pip list
> /bin/python3 -m pip list
info 04:36:45.827: Process Execution: > /bin/python3 -c "import pip;print('6af208d0-cb9c-427f-b937-ff563e17efdf')"
> /bin/python3 -c "import pip;print('6af208d0-cb9c-427f-b937-ff563e17efdf')"
error 04:36:46.357: interpreterPackages getPackageInformation, Class name = Kd, completed in 1194ms, has a falsy return value, Arg 1: {"interpreter":{"id":"/bin/python3","sysPrefix":"/usr","displayPath":{"$mid":1,"fsPath":"/bin/python3","path":"/bin/python3","scheme":"file"},"envName":"","uri":{"$mid":1,"fsPath":"/bin/python3","external":"file:///bin/python3","path":"/bin/python3","scheme":"file"},"displayName":"","envType":"Unknown","isCondaEnvWithoutPython":false,"version":{"major":3,"minor":10,"patch":6,"raw":"3.10.6 (main, Mar 10 2023, 10:55:28) [GCC 11.3.0]"}}} [su [Error]: Module 'pip' not installed.
	at au.execModule (/home/mikosta/.vscode-server/extensions/ms-toolsai.jupyter-2023.3.1000892223/out/extension.node.js:7:27794)
	at async Kd.getPackageInformation (/home/mikosta/.vscode-server/extensions/ms-toolsai.jupyter-2023.3.1000892223/out/extension.node.js:7:19123)] {
  category: 'notinstalled',
  moduleName: 'pip'
}
info 04:38:50.737: Shutting down notebooks for 0f7b76df-7d48-417f-b036-0225fdb92fb5
info 04:38:50.737: Disposing HostJupyterExecution 75e41fe7-8d7a-47bc-98af-b586450ccc3f
info 04:38:50.739: Disposing HostJupyterExecution 75e41fe7-8d7a-47bc-98af-b586450ccc3f
