[Info  - 4:36:46 AM] (148) Pylance language server 2023.4.10 (pyright d7616109) starting
[Info  - 4:36:46 AM] (148) Server root directory: /home/mikosta/.vscode-server/extensions/ms-python.vscode-pylance-2023.4.10/dist
[Info  - 4:36:46 AM] (148) Starting service instance "mikosta"
[Info  - 4:36:46 AM] (148) Auto-indent enabled
[Info  - 4:36:46 AM] (148) Setting pythonPath for service "mikosta": "/bin/python3"
[Warn  - 4:36:46 AM] (148) stubPath /home/mikosta/typings is not a valid directory.
[Info  - 4:36:46 AM] (148) Assuming Python version 3.10
[Info  - 4:36:46 AM] (148) Found 1 source file
[Info  - 4:36:47 AM] (148) Background analysis(1) root directory: /home/mikosta/.vscode-server/extensions/ms-python.vscode-pylance-2023.4.10/dist
[Info  - 4:36:47 AM] (148) Background analysis(1) started
[Info  - 4:36:47 AM] (148) Indexer background runner(2) root directory: /home/mikosta/.vscode-server/extensions/ms-python.vscode-pylance-2023.4.10/dist (index)
[Info  - 4:36:47 AM] (148) Indexing(2) started
[Info  - 4:36:47 AM] (148) scanned(2) 38 files over 1 exec env
[Info  - 4:36:48 AM] (148) indexed(2) 16 files over 1 exec env
[Info  - 4:36:48 AM] (148) Indexing finished(2).
[Info  - 4:37:18 AM] (148) Setting pythonPath for service "mikosta": "/bin/python3"
[Warn  - 4:37:18 AM] (148) stubPath /home/mikosta/typings is not a valid directory.
[Info  - 4:37:18 AM] (148) Assuming Python version 3.10
[Info  - 4:37:19 AM] (148) Found 1 source file
[Info  - 4:37:19 AM] (148) Setting pythonPath for service "mikosta": "/bin/python3"
[Warn  - 4:37:19 AM] (148) stubPath /home/mikosta/typings is not a valid directory.
[Info  - 4:37:19 AM] (148) Assuming Python version 3.10
[Info  - 4:37:19 AM] (148) Found 1 source file
[Info  - 4:37:19 AM] (148) Setting pythonPath for service "mikosta": "/bin/python3"
[Warn  - 4:37:19 AM] (148) stubPath /home/mikosta/typings is not a valid directory.
[Info  - 4:37:19 AM] (148) Assuming Python version 3.10
[Info  - 4:37:19 AM] (148) Found 1 source file
[Info  - 4:37:19 AM] (148) Indexer background runner(3) root directory: /home/mikosta/.vscode-server/extensions/ms-python.vscode-pylance-2023.4.10/dist (index)
[Info  - 4:37:19 AM] (148) Indexing(3) started
[Info  - 4:37:20 AM] (148) scanned(3) 38 files over 1 exec env
[Info  - 4:37:20 AM] (148) indexed(3) 16 files over 1 exec env
[Info  - 4:37:20 AM] (148) Indexing finished(3).
